<?xml version="1.0" encoding="UTF-8"?>
<!-- Generated by org.testng.reporters.JUnitReportReporter -->
<testsuite hostname="DESKTOP-L8VPHJS" failures="0" tests="1" name="testScripts.WebTableTest" time="5.490" errors="0" timestamp="2024-02-05T16:15:13 IST" skipped="0">
  <testcase classname="testScripts.WebTableTest" name="searchEmpDetails" time="5.490"/>
  <system-out/>
</testsuite> <!-- testScripts.WebTableTest -->
