<?xml version="1.0" encoding="UTF-8"?>
<!-- Generated by org.testng.reporters.JUnitReportReporter -->
<testsuite hostname="DESKTOP-L8VPHJS" failures="0" tests="4" name="parallelScripts.SampleTwoTest" time="8.192" errors="0" timestamp="2024-02-02T15:44:44 IST" skipped="0">
  <testcase classname="parallelScripts.SampleTwoTest" name="testOne" time="2.330"/>
  <system-out/>
  <testcase classname="parallelScripts.SampleTwoTest" name="testFour" time="1.866"/>
  <system-out/>
  <testcase classname="parallelScripts.SampleTwoTest" name="testThree" time="1.988"/>
  <system-out/>
  <testcase classname="parallelScripts.SampleTwoTest" name="testTwo" time="2.008"/>
  <system-out/>
</testsuite> <!-- parallelScripts.SampleTwoTest -->
