<?xml version="1.0" encoding="UTF-8"?>
<!-- Generated by org.testng.reporters.JUnitReportReporter -->
<testsuite hostname="DESKTOP-L8VPHJS" failures="0" tests="4" name="parallelScripts.SampleThreeTest" time="8.378" errors="0" timestamp="2024-02-02T15:44:44 IST" skipped="0">
  <testcase classname="parallelScripts.SampleThreeTest" name="testFour" time="2.606"/>
  <system-out/>
  <testcase classname="parallelScripts.SampleThreeTest" name="testThree" time="2.221"/>
  <system-out/>
  <testcase classname="parallelScripts.SampleThreeTest" name="testOne" time="1.646"/>
  <system-out/>
  <testcase classname="parallelScripts.SampleThreeTest" name="testTwo" time="1.905"/>
  <system-out/>
</testsuite> <!-- parallelScripts.SampleThreeTest -->
