<?xml version="1.0" encoding="UTF-8"?>
<!-- Generated by org.testng.reporters.JUnitReportReporter -->
<testsuite hostname="DESKTOP-L8VPHJS" failures="0" tests="4" name="parallelScripts.SampleOneTest" time="16.575" errors="0" timestamp="2024-02-02T15:53:58 IST" skipped="0">
  <testcase classname="parallelScripts.SampleOneTest" name="testFour" time="4.624"/>
  <system-out/>
  <testcase classname="parallelScripts.SampleOneTest" name="testTwo" time="3.859"/>
  <system-out/>
  <testcase classname="parallelScripts.SampleOneTest" name="testOne" time="4.254"/>
  <system-out/>
  <testcase classname="parallelScripts.SampleOneTest" name="testThree" time="3.838"/>
  <system-out/>
</testsuite> <!-- parallelScripts.SampleOneTest -->
