<?xml version="1.0" encoding="UTF-8"?>
<!-- Generated by org.testng.reporters.JUnitReportReporter -->
<testsuite hostname="DESKTOP-L8VPHJS" failures="0" tests="1" name="testScripts.MouseActionsTest" time="4.156" errors="0" timestamp="2024-01-31T12:59:52 IST" skipped="0">
  <testcase classname="testScripts.MouseActionsTest" name="actionsTest" time="4.156"/>
  <system-out/>
</testsuite> <!-- testScripts.MouseActionsTest -->
