<?xml version="1.0" encoding="UTF-8"?>
<!-- Generated by org.testng.reporters.JUnitReportReporter -->
<testsuite hostname="DESKTOP-L8VPHJS" failures="0" tests="4" name="testScripts.GoogleSearchScenarios" time="16.683" errors="0" timestamp="2024-02-01T16:29:40 IST" skipped="1">
  <testcase classname="testScripts.GoogleSearchScenarios" name="searchAppiumTest" time="5.634"/>
  <system-out/>
  <testcase classname="testScripts.GoogleSearchScenarios" name="searchJavaTest" time="5.605"/>
  <system-out/>
  <testcase classname="testScripts.GoogleSearchScenarios" name="searchSeleniumTest" time="5.444"/>
  <system-out/>
  <testcase classname="testScripts.GoogleSearchScenarios" name="searchCucumberTest">
    <skipped/>
  </testcase> <!-- searchCucumberTest -->
  <system-out/>
</testsuite> <!-- testScripts.GoogleSearchScenarios -->
