<?xml version="1.0" encoding="UTF-8"?>
<!-- Generated by org.testng.reporters.JUnitReportReporter -->
<testsuite hostname="DESKTOP-L8VPHJS" failures="0" tests="1" name="testScripts.GoogleSearchTest" time="4.544" errors="0" timestamp="2024-02-01T14:42:11 IST" skipped="0">
  <testcase classname="testScripts.GoogleSearchTest" name="searchJavaTest" time="4.544"/>
  <system-out/>
</testsuite> <!-- testScripts.GoogleSearchTest -->
