<?xml version="1.0" encoding="UTF-8"?>
<!-- Generated by org.testng.reporters.JUnitReportReporter -->
<testsuite hostname="DESKTOP-L8VPHJS" failures="0" tests="1" name="testScripts.AlertTest" time="3.347" errors="0" timestamp="2024-02-01T14:42:11 IST" skipped="0">
  <testcase classname="testScripts.AlertTest" name="sampleAlert" time="3.347"/>
  <system-out/>
</testsuite> <!-- testScripts.AlertTest -->
