<?xml version="1.0" encoding="UTF-8"?>
<!-- Generated by org.testng.reporters.JUnitReportReporter -->
<testsuite hostname="DESKTOP-L8VPHJS" failures="0" tests="3" name="groupScripts.SampleThreeTest" time="0.006" errors="0" timestamp="2024-02-01T17:42:21 IST" skipped="0">
  <testcase classname="groupScripts.SampleThreeTest" name="testOne" time="0.001"/>
  <system-out/>
  <testcase classname="groupScripts.SampleThreeTest" name="testTwo" time="0.000"/>
  <system-out/>
  <testcase classname="groupScripts.SampleThreeTest" name="testFour" time="0.005"/>
  <system-out/>
</testsuite> <!-- groupScripts.SampleThreeTest -->
