<?xml version="1.0" encoding="UTF-8"?>
<!-- Generated by org.testng.reporters.JUnitReportReporter -->
<testsuite hostname="DESKTOP-L8VPHJS" failures="0" tests="1" name="groupScripts.SampleTwoTest" time="0.001" errors="0" timestamp="2024-02-01T17:42:21 IST" skipped="0">
  <testcase classname="groupScripts.SampleTwoTest" name="testFour" time="0.001"/>
  <system-out/>
</testsuite> <!-- groupScripts.SampleTwoTest -->
