<?xml version="1.0" encoding="UTF-8"?>
<!-- Generated by org.testng.reporters.JUnitReportReporter -->
<testsuite hostname="DESKTOP-L8VPHJS" failures="0" tests="2" name="testScripts.SampleOneTest" time="14.339" errors="0" timestamp="2024-02-07T17:24:35 IST" skipped="0">
  <testcase classname="testScripts.SampleOneTest" name="searchJavaTest" time="6.710"/>
  <testcase classname="testScripts.SampleOneTest" name="searchSeleniumTest" time="7.629"/>
</testsuite> <!-- testScripts.SampleOneTest -->
