<?xml version="1.0" encoding="UTF-8"?>
<!-- Generated by org.testng.reporters.JUnitReportReporter -->
<testsuite hostname="DESKTOP-L8VPHJS" failures="0" tests="2" name="testScripts.SampleOneTest" time="11.089" errors="0" timestamp="2024-02-14T14:24:53 IST" skipped="0">
  <testcase classname="testScripts.SampleOneTest" name="searchSeleniumTest" time="5.713"/>
  <testcase classname="testScripts.SampleOneTest" name="searchJavaTest" time="5.376"/>
</testsuite> <!-- testScripts.SampleOneTest -->
